<?xml version="1.0" encoding="UTF-8"?>
<testsuite xmlns:xsi="http://www.w3.org/2001/XMLSchema-instance" xsi:noNamespaceSchemaLocation="https://maven.apache.org/surefire/maven-surefire-plugin/xsd/surefire-test-report-3.0.xsd" version="3.0" name="com.google.gson.functional.PrimitiveTest" time="2.055" tests="104" errors="0" skipped="0" failures="0">
  <properties>
    <property name="awt.toolkit" value="sun.awt.X11.XToolkit"/>
    <property name="java.specification.version" value="11"/>
    <property name="sun.cpu.isalist" value=""/>
    <property name="sun.jnu.encoding" value="UTF-8"/>
    <property name="java.class.path" value="/root/framework/testing/gson/target/test-classes:/root/framework/testing/gson/target/classes:/root/.m2/repository/junit/junit/4.13.2/junit-4.13.2.jar:/root/.m2/repository/org/hamcrest/hamcrest-core/1.3/hamcrest-core-1.3.jar:"/>
    <property name="java.vm.vendor" value="Ubuntu"/>
    <property name="sun.arch.data.model" value="64"/>
    <property name="java.vendor.url" value="https://ubuntu.com/"/>
    <property name="user.timezone" value=""/>
    <property name="java.vm.specification.version" value="11"/>
    <property name="os.name" value="Linux"/>
    <property name="sun.java.launcher" value="SUN_STANDARD"/>
    <property name="user.country" value="US"/>
    <property name="sun.boot.library.path" value="/usr/lib/jvm/java-11-openjdk-amd64/lib"/>
    <property name="sun.java.command" value="/root/framework/testing/gson/target/surefire/surefirebooter14847697723711753381.jar /root/framework/testing/gson/target/surefire 2023-08-18T06-55-50_881-jvmRun1 surefire13146413952496584653tmp surefire_02970494601763332576tmp"/>
    <property name="jdk.debug" value="release"/>
    <property name="test" value=".com.google.gson.functional.PrimitiveTest"/>
    <property name="surefire.test.class.path" value="/root/framework/testing/gson/target/test-classes:/root/framework/testing/gson/target/classes:/root/.m2/repository/junit/junit/4.13.2/junit-4.13.2.jar:/root/.m2/repository/org/hamcrest/hamcrest-core/1.3/hamcrest-core-1.3.jar:"/>
    <property name="sun.cpu.endian" value="little"/>
    <property name="user.home" value="/root"/>
    <property name="user.language" value="en"/>
    <property name="java.specification.vendor" value="Oracle Corporation"/>
    <property name="java.version.date" value="2023-07-18"/>
    <property name="java.home" value="/usr/lib/jvm/java-11-openjdk-amd64"/>
    <property name="file.separator" value="/"/>
    <property name="basedir" value="/root/framework/testing/gson"/>
    <property name="java.vm.compressedOopsMode" value="Zero based"/>
    <property name="line.separator" value="&#10;"/>
    <property name="java.specification.name" value="Java Platform API Specification"/>
    <property name="java.vm.specification.vendor" value="Oracle Corporation"/>
    <property name="java.awt.graphicsenv" value="sun.awt.X11GraphicsEnvironment"/>
    <property name="surefire.real.class.path" value="/root/framework/testing/gson/target/surefire/surefirebooter14847697723711753381.jar"/>
    <property name="sun.management.compiler" value="HotSpot 64-Bit Tiered Compilers"/>
    <property name="java.runtime.version" value="11.0.20+8-post-Ubuntu-1ubuntu120.04"/>
    <property name="user.name" value="root"/>
    <property name="path.separator" value=":"/>
    <property name="os.version" value="5.15.90.1-microsoft-standard-WSL2"/>
    <property name="java.runtime.name" value="OpenJDK Runtime Environment"/>
    <property name="file.encoding" value="UTF8"/>
    <property name="java.vm.name" value="OpenJDK 64-Bit Server VM"/>
    <property name="localRepository" value="/root/.m2/repository"/>
    <property name="java.vendor.url.bug" value="https://bugs.launchpad.net/ubuntu/+source/openjdk-lts"/>
    <property name="java.io.tmpdir" value="/tmp"/>
    <property name="java.version" value="11.0.20"/>
    <property name="user.dir" value="/root/framework/testing/gson"/>
    <property name="os.arch" value="amd64"/>
    <property name="java.vm.specification.name" value="Java Virtual Machine Specification"/>
    <property name="java.awt.printerjob" value="sun.print.PSPrinterJob"/>
    <property name="failIfNoTests" value="false"/>
    <property name="sun.os.patch.level" value="unknown"/>
    <property name="java.library.path" value="/usr/java/packages/lib:/usr/lib/x86_64-linux-gnu/jni:/lib/x86_64-linux-gnu:/usr/lib/x86_64-linux-gnu:/usr/lib/jni:/lib:/usr/lib"/>
    <property name="java.vm.info" value="mixed mode, sharing"/>
    <property name="java.vendor" value="Ubuntu"/>
    <property name="java.vm.version" value="11.0.20+8-post-Ubuntu-1ubuntu120.04"/>
    <property name="java.specification.maintenance.version" value="2"/>
    <property name="sun.io.unicode.encoding" value="UnicodeLittle"/>
    <property name="java.class.version" value="55.0"/>
  </properties>
  <testcase name="testDeserializeJsonArrayAsBigDecimal" classname="com.google.gson.functional.PrimitiveTest" time="1.58"/>
  <testcase name="testDeserializingBigIntegerAsLong" classname="com.google.gson.functional.PrimitiveTest" time="0"/>
  <testcase name="testLongAsStringDeserialization" classname="com.google.gson.functional.PrimitiveTest" time="0.024"/>
  <testcase name="testBigDecimalPreservePrecisionSerialization" classname="com.google.gson.functional.PrimitiveTest" time="0.027"/>
  <testcase name="testSmallValueForBigDecimalDeserialization" classname="com.google.gson.functional.PrimitiveTest" time="0"/>
  <testcase name="testFloatNaNSerializationNotSupportedByDefault" classname="com.google.gson.functional.PrimitiveTest" time="0"/>
  <testcase name="testDeserializeJsonArrayAsLongWrapper" classname="com.google.gson.functional.PrimitiveTest" time="0"/>
  <testcase name="testDeserializeJsonArrayAsShortWrapper" classname="com.google.gson.functional.PrimitiveTest" time="0.001"/>
  <testcase name="testDeserializeJsonObjectAsDoubleWrapper" classname="com.google.gson.functional.PrimitiveTest" time="0"/>
  <testcase name="testDeserializingBigDecimalAsFloat" classname="com.google.gson.functional.PrimitiveTest" time="0"/>
  <testcase name="testNumberDeserialization" classname="com.google.gson.functional.PrimitiveTest" time="0.016"/>
  <testcase name="testMoreSpecificSerialization" classname="com.google.gson.functional.PrimitiveTest" time="0.095"/>
  <testcase name="testUnquotedStringDeserializationFails" classname="com.google.gson.functional.PrimitiveTest" time="0"/>
  <testcase name="testDeserializingBigIntegerAsBigDecimal" classname="com.google.gson.functional.PrimitiveTest" time="0.001"/>
  <testcase name="testQuotedStringSerializationAndDeserialization" classname="com.google.gson.functional.PrimitiveTest" time="0"/>
  <testcase name="testLazilyParsedNumberDeserialization" classname="com.google.gson.functional.PrimitiveTest" time="0"/>
  <testcase name="testDeserializingBigDecimalAsIntegerFails" classname="com.google.gson.functional.PrimitiveTest" time="0.001"/>
  <testcase name="testDeserializeJsonArrayAsBigInteger" classname="com.google.gson.functional.PrimitiveTest" time="0"/>
  <testcase name="testBigDecimalNaNDeserializationNotSupported" classname="com.google.gson.functional.PrimitiveTest" time="0"/>
  <testcase name="testDeserializingBigDecimalAsBigIntegerFails" classname="com.google.gson.functional.PrimitiveTest" time="0"/>
  <testcase name="testDeserializeJsonArrayAsFloatWrapper" classname="com.google.gson.functional.PrimitiveTest" time="0.001"/>
  <testcase name="testDeserializeJsonArrayAsInt" classname="com.google.gson.functional.PrimitiveTest" time="0"/>
  <testcase name="testReallyLongValuesDeserialization" classname="com.google.gson.functional.PrimitiveTest" time="0"/>
  <testcase name="testNegativeInfinityFloatSerializationNotSupportedByDefault" classname="com.google.gson.functional.PrimitiveTest" time="0"/>
  <testcase name="testBigDecimalInASingleElementArraySerialization" classname="com.google.gson.functional.PrimitiveTest" time="0.015"/>
  <testcase name="testNumberAsStringDeserialization" classname="com.google.gson.functional.PrimitiveTest" time="0"/>
  <testcase name="testDeserializeJsonObjectAsInteger" classname="com.google.gson.functional.PrimitiveTest" time="0.001"/>
  <testcase name="testDeserializingBigIntegerAsInteger" classname="com.google.gson.functional.PrimitiveTest" time="0"/>
  <testcase name="testSmallValueForBigIntegerDeserialization" classname="com.google.gson.functional.PrimitiveTest" time="0"/>
  <testcase name="testNegativeInfinityFloatDeserialization" classname="com.google.gson.functional.PrimitiveTest" time="0.001"/>
  <testcase name="testBadValueForBigIntegerDeserialization" classname="com.google.gson.functional.PrimitiveTest" time="0"/>
  <testcase name="testHtmlCharacterSerialization" classname="com.google.gson.functional.PrimitiveTest" time="0"/>
  <testcase name="testLargeDoubleDeserialization" classname="com.google.gson.functional.PrimitiveTest" time="0"/>
  <testcase name="testShortDeserializationLossy" classname="com.google.gson.functional.PrimitiveTest" time="0.001"/>
  <testcase name="testDoubleNaNSerializationNotSupportedByDefault" classname="com.google.gson.functional.PrimitiveTest" time="0"/>
  <testcase name="testShortDeserialization" classname="com.google.gson.functional.PrimitiveTest" time="0.014"/>
  <testcase name="testPrimitiveBooleanAutoboxedInASingleElementArraySerialization" classname="com.google.gson.functional.PrimitiveTest" time="0"/>
  <testcase name="testDeserializeJsonObjectAsFloatPrimitive" classname="com.google.gson.functional.PrimitiveTest" time="0"/>
  <testcase name="testValueVeryCloseToZeroIsZero" classname="com.google.gson.functional.PrimitiveTest" time="0.001"/>
  <testcase name="testPrimitiveBooleanAutoboxedSerialization" classname="com.google.gson.functional.PrimitiveTest" time="0"/>
  <testcase name="testBigDecimalDeserialization" classname="com.google.gson.functional.PrimitiveTest" time="0"/>
  <testcase name="testPrimitiveLongAutoboxedDeserialization" classname="com.google.gson.functional.PrimitiveTest" time="0.001"/>
  <testcase name="testDoubleInfinitySerializationNotSupportedByDefault" classname="com.google.gson.functional.PrimitiveTest" time="0"/>
  <testcase name="testByteDeserializationLossy" classname="com.google.gson.functional.PrimitiveTest" time="0"/>
  <testcase name="testNegativeInfinityDeserialization" classname="com.google.gson.functional.PrimitiveTest" time="0"/>
  <testcase name="testSmallValueForBigIntegerSerialization" classname="com.google.gson.functional.PrimitiveTest" time="0"/>
  <testcase name="testNegativeInfinitySerializationNotSupportedByDefault" classname="com.google.gson.functional.PrimitiveTest" time="0.001"/>
  <testcase name="testBigDecimalNegativeInfinityDeserializationNotSupported" classname="com.google.gson.functional.PrimitiveTest" time="0"/>
  <testcase name="testDeserializeJsonArrayAsDoublePrimitive" classname="com.google.gson.functional.PrimitiveTest" time="0"/>
  <testcase name="testSmallValueForBigDecimalSerialization" classname="com.google.gson.functional.PrimitiveTest" time="0"/>
  <testcase name="testNumberSerialization" classname="com.google.gson.functional.PrimitiveTest" time="0"/>
  <testcase name="testBigDecimalAsStringRepresentationDeserialization" classname="com.google.gson.functional.PrimitiveTest" time="0.001"/>
  <testcase name="testDeserializeJsonArrayAsByteWrapper" classname="com.google.gson.functional.PrimitiveTest" time="0"/>
  <testcase name="testBigDecimalInfinityDeserializationNotSupported" classname="com.google.gson.functional.PrimitiveTest" time="0"/>
  <testcase name="testFloatNaNSerialization" classname="com.google.gson.functional.PrimitiveTest" time="0"/>
  <testcase name="testDeserializeJsonObjectAsBooleanPrimitive" classname="com.google.gson.functional.PrimitiveTest" time="0.001"/>
  <testcase name="testByteDeserialization" classname="com.google.gson.functional.PrimitiveTest" time="0"/>
  <testcase name="testPrimitiveIntegerAutoboxedDeserialization" classname="com.google.gson.functional.PrimitiveTest" time="0"/>
  <testcase name="testDeserializeJsonArrayAsBooleanWrapper" classname="com.google.gson.functional.PrimitiveTest" time="0"/>
  <testcase name="testDoubleNoFractAsStringRepresentationDeserialization" classname="com.google.gson.functional.PrimitiveTest" time="0"/>
  <testcase name="testDeserializingBigDecimalAsDouble" classname="com.google.gson.functional.PrimitiveTest" time="0"/>
  <testcase name="testBigIntegerDeserialization" classname="com.google.gson.functional.PrimitiveTest" time="0"/>
  <testcase name="testBigDecimalNoFractAsStringRepresentationDeserialization" classname="com.google.gson.functional.PrimitiveTest" time="0"/>
  <testcase name="testReallyLongValuesSerialization" classname="com.google.gson.functional.PrimitiveTest" time="0"/>
  <testcase name="testDeserializeJsonObjectAsBytePrimitive" classname="com.google.gson.functional.PrimitiveTest" time="0"/>
  <testcase name="testPrimitiveDoubleAutoboxedSerialization" classname="com.google.gson.functional.PrimitiveTest" time="0"/>
  <testcase name="testDeserializeJsonObjectAsBigDecimal" classname="com.google.gson.functional.PrimitiveTest" time="0"/>
  <testcase name="testNegativeInfinitySerialization" classname="com.google.gson.functional.PrimitiveTest" time="0"/>
  <testcase name="testFloatInfinitySerialization" classname="com.google.gson.functional.PrimitiveTest" time="0"/>
  <testcase name="testFloatNaNDeserialization" classname="com.google.gson.functional.PrimitiveTest" time="0"/>
  <testcase name="testDoubleNaNDeserialization" classname="com.google.gson.functional.PrimitiveTest" time="0"/>
  <testcase name="testBigIntegerInASingleElementArraySerialization" classname="com.google.gson.functional.PrimitiveTest" time="0"/>
  <testcase name="testPrimitiveDoubleAutoboxedDeserialization" classname="com.google.gson.functional.PrimitiveTest" time="0"/>
  <testcase name="testStringsAsBooleans" classname="com.google.gson.functional.PrimitiveTest" time="0.037"/>
  <testcase name="testBigIntegerSerialization" classname="com.google.gson.functional.PrimitiveTest" time="0"/>
  <testcase name="testDeserializingDecimalPointValueZeroSucceeds" classname="com.google.gson.functional.PrimitiveTest" time="0"/>
  <testcase name="testLongAsStringSerialization" classname="com.google.gson.functional.PrimitiveTest" time="0"/>
  <testcase name="testDoubleArrayDeserialization" classname="com.google.gson.functional.PrimitiveTest" time="0"/>
  <testcase name="testDeserializeJsonObjectAsBigInteger" classname="com.google.gson.functional.PrimitiveTest" time="0.001"/>
  <testcase name="testDeserializePrimitiveWrapperAsObjectField" classname="com.google.gson.functional.PrimitiveTest" time="0.051"/>
  <testcase name="testPrimitiveClassLiteral" classname="com.google.gson.functional.PrimitiveTest" time="0.017"/>
  <testcase name="testBigDecimalSerialization" classname="com.google.gson.functional.PrimitiveTest" time="0.001"/>
  <testcase name="testByteSerialization" classname="com.google.gson.functional.PrimitiveTest" time="0"/>
  <testcase name="testNegativeInfinityFloatSerialization" classname="com.google.gson.functional.PrimitiveTest" time="0"/>
  <testcase name="testPrimitiveIntegerAutoboxedSerialization" classname="com.google.gson.functional.PrimitiveTest" time="0"/>
  <testcase name="testShortSerialization" classname="com.google.gson.functional.PrimitiveTest" time="0.001"/>
  <testcase name="testPrimitiveIntegerAutoboxedInASingleElementArraySerialization" classname="com.google.gson.functional.PrimitiveTest" time="0"/>
  <testcase name="testFloatInfinitySerializationNotSupportedByDefault" classname="com.google.gson.functional.PrimitiveTest" time="0"/>
  <testcase name="testDoubleInfinityDeserialization" classname="com.google.gson.functional.PrimitiveTest" time="0"/>
  <testcase name="testLazilyParsedNumberSerialization" classname="com.google.gson.functional.PrimitiveTest" time="0"/>
  <testcase name="testBigDecimalPreservePrecisionDeserialization" classname="com.google.gson.functional.PrimitiveTest" time="0"/>
  <testcase name="testDeserializeJsonArrayAsNumber" classname="com.google.gson.functional.PrimitiveTest" time="0"/>
  <testcase name="testDoubleNaNSerialization" classname="com.google.gson.functional.PrimitiveTest" time="0"/>
  <testcase name="testBooleanDeserialization" classname="com.google.gson.functional.PrimitiveTest" time="0"/>
  <testcase name="testPrimitiveLongAutoboxedInASingleElementArraySerialization" classname="com.google.gson.functional.PrimitiveTest" time="0.001"/>
  <testcase name="testDeserializingNonZeroDecimalPointValuesAsIntegerFails" classname="com.google.gson.functional.PrimitiveTest" time="0"/>
  <testcase name="testFloatInfinityDeserialization" classname="com.google.gson.functional.PrimitiveTest" time="0"/>
  <testcase name="testDeserializeJsonObjectAsNumber" classname="com.google.gson.functional.PrimitiveTest" time="0"/>
  <testcase name="testDoubleInfinitySerialization" classname="com.google.gson.functional.PrimitiveTest" time="0"/>
  <testcase name="testPrimitiveDoubleAutoboxedInASingleElementArraySerialization" classname="com.google.gson.functional.PrimitiveTest" time="0.001"/>
  <testcase name="testDeserializeJsonObjectAsShortPrimitive" classname="com.google.gson.functional.PrimitiveTest" time="0"/>
  <testcase name="testPrimitiveLongAutoboxedSerialization" classname="com.google.gson.functional.PrimitiveTest" time="0"/>
  <testcase name="testDoubleAsStringRepresentationDeserialization" classname="com.google.gson.functional.PrimitiveTest" time="0"/>
  <testcase name="testDeserializeJsonObjectAsLongPrimitive" classname="com.google.gson.functional.PrimitiveTest" time="0.001"/>
</testsuite>