<?xml version="1.0" encoding="UTF-8"?>
<testsuite xmlns:xsi="http://www.w3.org/2001/XMLSchema-instance" xsi:noNamespaceSchemaLocation="https://maven.apache.org/surefire/maven-surefire-plugin/xsd/surefire-test-report-3.0.xsd" version="3.0" name="com.google.gson.stream.JsonWriterTest" time="0.138" tests="41" errors="0" skipped="0" failures="0">
  <properties>
    <property name="awt.toolkit" value="sun.awt.X11.XToolkit"/>
    <property name="java.specification.version" value="11"/>
    <property name="sun.cpu.isalist" value=""/>
    <property name="sun.jnu.encoding" value="UTF-8"/>
    <property name="java.class.path" value="/root/framework/testing/gson/target/test-classes:/root/framework/testing/gson/target/classes:/root/.m2/repository/junit/junit/4.13.2/junit-4.13.2.jar:/root/.m2/repository/org/hamcrest/hamcrest-core/1.3/hamcrest-core-1.3.jar:"/>
    <property name="java.vm.vendor" value="Ubuntu"/>
    <property name="sun.arch.data.model" value="64"/>
    <property name="java.vendor.url" value="https://ubuntu.com/"/>
    <property name="user.timezone" value=""/>
    <property name="java.vm.specification.version" value="11"/>
    <property name="os.name" value="Linux"/>
    <property name="sun.java.launcher" value="SUN_STANDARD"/>
    <property name="user.country" value="US"/>
    <property name="sun.boot.library.path" value="/usr/lib/jvm/java-11-openjdk-amd64/lib"/>
    <property name="sun.java.command" value="/root/framework/testing/gson/target/surefire/surefirebooter14385077561495084180.jar /root/framework/testing/gson/target/surefire 2023-08-18T06-57-51_568-jvmRun1 surefire1864908113817101833tmp surefire_013799528525822061234tmp"/>
    <property name="jdk.debug" value="release"/>
    <property name="test" value=".com.google.gson.stream.JsonWriterTest"/>
    <property name="surefire.test.class.path" value="/root/framework/testing/gson/target/test-classes:/root/framework/testing/gson/target/classes:/root/.m2/repository/junit/junit/4.13.2/junit-4.13.2.jar:/root/.m2/repository/org/hamcrest/hamcrest-core/1.3/hamcrest-core-1.3.jar:"/>
    <property name="sun.cpu.endian" value="little"/>
    <property name="user.home" value="/root"/>
    <property name="user.language" value="en"/>
    <property name="java.specification.vendor" value="Oracle Corporation"/>
    <property name="java.version.date" value="2023-07-18"/>
    <property name="java.home" value="/usr/lib/jvm/java-11-openjdk-amd64"/>
    <property name="file.separator" value="/"/>
    <property name="basedir" value="/root/framework/testing/gson"/>
    <property name="java.vm.compressedOopsMode" value="Zero based"/>
    <property name="line.separator" value="&#10;"/>
    <property name="java.specification.name" value="Java Platform API Specification"/>
    <property name="java.vm.specification.vendor" value="Oracle Corporation"/>
    <property name="java.awt.graphicsenv" value="sun.awt.X11GraphicsEnvironment"/>
    <property name="surefire.real.class.path" value="/root/framework/testing/gson/target/surefire/surefirebooter14385077561495084180.jar"/>
    <property name="sun.management.compiler" value="HotSpot 64-Bit Tiered Compilers"/>
    <property name="java.runtime.version" value="11.0.20+8-post-Ubuntu-1ubuntu120.04"/>
    <property name="user.name" value="root"/>
    <property name="path.separator" value=":"/>
    <property name="os.version" value="5.15.90.1-microsoft-standard-WSL2"/>
    <property name="java.runtime.name" value="OpenJDK Runtime Environment"/>
    <property name="file.encoding" value="UTF8"/>
    <property name="java.vm.name" value="OpenJDK 64-Bit Server VM"/>
    <property name="localRepository" value="/root/.m2/repository"/>
    <property name="java.vendor.url.bug" value="https://bugs.launchpad.net/ubuntu/+source/openjdk-lts"/>
    <property name="java.io.tmpdir" value="/tmp"/>
    <property name="java.version" value="11.0.20"/>
    <property name="user.dir" value="/root/framework/testing/gson"/>
    <property name="os.arch" value="amd64"/>
    <property name="java.vm.specification.name" value="Java Virtual Machine Specification"/>
    <property name="java.awt.printerjob" value="sun.print.PSPrinterJob"/>
    <property name="failIfNoTests" value="false"/>
    <property name="sun.os.patch.level" value="unknown"/>
    <property name="java.library.path" value="/usr/java/packages/lib:/usr/lib/x86_64-linux-gnu/jni:/lib/x86_64-linux-gnu:/usr/lib/x86_64-linux-gnu:/usr/lib/jni:/lib:/usr/lib"/>
    <property name="java.vm.info" value="mixed mode, sharing"/>
    <property name="java.vendor" value="Ubuntu"/>
    <property name="java.vm.version" value="11.0.20+8-post-Ubuntu-1ubuntu120.04"/>
    <property name="java.specification.maintenance.version" value="2"/>
    <property name="sun.io.unicode.encoding" value="UnicodeLittle"/>
    <property name="java.class.version" value="55.0"/>
  </properties>
  <testcase name="testEmptyArray" classname="com.google.gson.stream.JsonWriterTest" time="0.019"/>
  <testcase name="testTwoNames" classname="com.google.gson.stream.JsonWriterTest" time="0"/>
  <testcase name="testNameWithoutValue" classname="com.google.gson.stream.JsonWriterTest" time="0"/>
  <testcase name="testBooleans" classname="com.google.gson.stream.JsonWriterTest" time="0"/>
  <testcase name="testBoxedBooleans" classname="com.google.gson.stream.JsonWriterTest" time="0"/>
  <testcase name="testInvalidTopLevelTypes" classname="com.google.gson.stream.JsonWriterTest" time="0"/>
  <testcase name="testNullStringValue" classname="com.google.gson.stream.JsonWriterTest" time="0"/>
  <testcase name="testDeepNestingArrays" classname="com.google.gson.stream.JsonWriterTest" time="0"/>
  <testcase name="testLongs" classname="com.google.gson.stream.JsonWriterTest" time="0"/>
  <testcase name="testNulls" classname="com.google.gson.stream.JsonWriterTest" time="0.001"/>
  <testcase name="testNullName" classname="com.google.gson.stream.JsonWriterTest" time="0"/>
  <testcase name="testArraysInObjects" classname="com.google.gson.stream.JsonWriterTest" time="0"/>
  <testcase name="testNonFiniteDoublesWhenLenient" classname="com.google.gson.stream.JsonWriterTest" time="0"/>
  <testcase name="testRepeatedName" classname="com.google.gson.stream.JsonWriterTest" time="0"/>
  <testcase name="testMalformedNumbers" classname="com.google.gson.stream.JsonWriterTest" time="0"/>
  <testcase name="testTopLevelValueTypes" classname="com.google.gson.stream.JsonWriterTest" time="0"/>
  <testcase name="testClosedWriterThrowsOnStructure" classname="com.google.gson.stream.JsonWriterTest" time="0"/>
  <testcase name="testObjectsInArrays" classname="com.google.gson.stream.JsonWriterTest" time="0"/>
  <testcase name="testStrictWriterDoesNotPermitMultipleTopLevelValues" classname="com.google.gson.stream.JsonWriterTest" time="0"/>
  <testcase name="testJsonValue" classname="com.google.gson.stream.JsonWriterTest" time="0"/>
  <testcase name="testWriterCloseIsIdempotent" classname="com.google.gson.stream.JsonWriterTest" time="0.001"/>
  <testcase name="testLenientWriterPermitsMultipleTopLevelValues" classname="com.google.gson.stream.JsonWriterTest" time="0"/>
  <testcase name="testBadNestingObject" classname="com.google.gson.stream.JsonWriterTest" time="0"/>
  <testcase name="testPrettyPrintArray" classname="com.google.gson.stream.JsonWriterTest" time="0"/>
  <testcase name="testPrettyPrintObject" classname="com.google.gson.stream.JsonWriterTest" time="0"/>
  <testcase name="testValueWithoutName" classname="com.google.gson.stream.JsonWriterTest" time="0"/>
  <testcase name="testDeepNestingObjects" classname="com.google.gson.stream.JsonWriterTest" time="0"/>
  <testcase name="testEmptyObject" classname="com.google.gson.stream.JsonWriterTest" time="0"/>
  <testcase name="testNumbersCustomClass" classname="com.google.gson.stream.JsonWriterTest" time="0.001"/>
  <testcase name="testBadNestingArray" classname="com.google.gson.stream.JsonWriterTest" time="0"/>
  <testcase name="testMultipleTopLevelValues" classname="com.google.gson.stream.JsonWriterTest" time="0"/>
  <testcase name="testNonFiniteDoubles" classname="com.google.gson.stream.JsonWriterTest" time="0"/>
  <testcase name="testNonFiniteNumbersWhenLenient" classname="com.google.gson.stream.JsonWriterTest" time="0"/>
  <testcase name="testClosedWriterThrowsOnFlush" classname="com.google.gson.stream.JsonWriterTest" time="0"/>
  <testcase name="testClosedWriterThrowsOnValue" classname="com.google.gson.stream.JsonWriterTest" time="0"/>
  <testcase name="testNonFiniteNumbers" classname="com.google.gson.stream.JsonWriterTest" time="0"/>
  <testcase name="testDoubles" classname="com.google.gson.stream.JsonWriterTest" time="0"/>
  <testcase name="testClosedWriterThrowsOnName" classname="com.google.gson.stream.JsonWriterTest" time="0"/>
  <testcase name="testNumbers" classname="com.google.gson.stream.JsonWriterTest" time="0.001"/>
  <testcase name="testStrings" classname="com.google.gson.stream.JsonWriterTest" time="0"/>
  <testcase name="testUnicodeLineBreaksEscaped" classname="com.google.gson.stream.JsonWriterTest" time="0.001"/>
</testsuite>